2022-02-28 01:43:33,827 [INFO] from com.jpro.internal.server.Initializer$ in application-akka.actor.default-dispatcher-8 - JPro: 2021.2.2
2022-02-28 01:43:33,827 [INFO] from com.jpro.internal.server.Initializer$ in application-akka.actor.default-dispatcher-8 - Java version: 15.0.2
2022-02-28 01:43:33,827 [INFO] from com.jpro.internal.server.Initializer$ in application-akka.actor.default-dispatcher-8 - JVM: 15.0.2 Oracle Corporation
2022-02-28 01:43:33,830 [INFO] from com.jpro.internal.server.Initializer$ in application-akka.actor.default-dispatcher-8 - JavaFX jar: file:/C:/Users/ahmad/.m2/repository/org/openjfx/javafx-graphics/17.0.1.1-jpro+0/javafx-graphics-17.0.1.1-jpro+0-win.jar
2022-02-28 01:43:33,843 [INFO] from com.jpro.internal.server.Initializer$ in application-akka.actor.default-dispatcher-8 - redirected OUT / ERR
2022-02-28 01:43:33,843 [INFO] from com.jpro.internal.server.Initializer$ in application-akka.actor.default-dispatcher-8 - installed SLF4JBridge
2022-02-28 01:43:33,902 [WARN] from javafx in application-akka.actor.default-dispatcher-8 - Unsupported JavaFX configuration: classes were loaded from 'unnamed module @1dd9dcc2'
2022-02-28 01:43:34,273 [INFO] from com.jpro.internal.server.Initializer$ in application-akka.actor.default-dispatcher-8 - finished init!
2022-02-28 01:43:34,274 [INFO] from com.jpro.internal.server.Initializer$ in JavaFX Application Thread - JavaFX version: 17.0.1.1-jpro+0-2021-11-29-063032
2022-02-28 01:43:34,976 [INFO] from controllers.jpro in application-akka.actor.default-dispatcher-14 - application requested: 0!appName
2022-02-28 01:43:34,990 [INFO] from controllers.jpro in application-akka.actor.default-dispatcher-14 - Creating Application: 0!appName
2022-02-28 01:43:34,993 [INFO] from controllers.jpro in application-akka.actor.default-dispatcher-14 - remoteAddress 0:0:0:0:0:0:0:1
2022-02-28 01:43:34,996 [INFO] from controllers.jpro in application-akka.actor.default-dispatcher-14 - host          localhost:8080
2022-02-28 01:43:34,996 [INFO] from controllers.jpro in application-akka.actor.default-dispatcher-14 - uri           /app/0!appName
2022-02-28 01:43:35,311 [INFO] from com.jpro.internal.server.ViewSerializerActor in JavaFX Application Thread - appdef: AppByMain(appname,SE2203b.Assignments.CustomerApplication,None,NamedClassLoader(system),false) clientinfo: ClientInfo(http://localhost:8080/,http://localhost:8080/app/appName,1920.0,975.0,1.0,false,en-US,List(en-US, en),,Map(),Map(Host -> List(localhost:8080), Origin -> List(http://localhost:8080), Pragma -> List(no-cache), Upgrade -> List(websocket), Connection -> List(Upgrade), User-Agent -> List(Mozilla/5.0 (Windows NT 10.0; Win64; x64) AppleWebKit/537.36 (KHTML, like Gecko) Chrome/98.0.4758.102 Safari/537.36), Cache-Control -> List(no-cache), Remote-Address -> List(0:0:0:0:0:0:0:1:60891), Timeout-Access -> List(<function1>), Accept-Encoding -> List(gzip, deflate, br), Accept-Language -> List(en-US,en;q=0.9), Raw-Request-URI -> List(/app/0!appName), Tls-Session-Info -> List(Session(1646030613693|SSL_NULL_WITH_NULL_NULL)), Sec-WebSocket-Key -> List(hYhhICrBZIZpD5unWwa5Vw==), UpgradeToWebSocket -> List(), Sec-WebSocket-Version -> List(13), Sec-WebSocket-Extensions -> List(permessage-deflate; client_max_window_bits)))out: Actor[akka://application/system/Materializers/StreamSupervisor-0/$$g-actorRefSource#1611500983]
2022-02-28 01:43:36,064 [INFO] from com.jpro.JS in JavaFX Application Thread - received msg: new MainID: 1236 userid: 2124646791
2022-02-28 01:44:09,193 [INFO] from akka.event.slf4j.Slf4jLogger in application-akka.actor.default-dispatcher-4 - Slf4jLogger started
2022-02-28 01:44:09,816 [INFO] from play.api.Play in Thread-0 - Application started (Prod) (no global state)
2022-02-28 01:44:10,293 [INFO] from play.core.server.AkkaHttpServer in Thread-0 - Enabling HTTP/2 on Akka HTTP server...
2022-02-28 01:44:10,294 [INFO] from play.core.server.AkkaHttpServer in Thread-0 - Listening for HTTP on /[0:0:0:0:0:0:0:0]:8080
2022-02-28 01:44:10,802 [INFO] from com.jpro.activity in application-akka.actor.default-dispatcher-8 - Starting the server
2022-02-28 01:44:10,803 [INFO] from com.jpro.internal.server.Initializer$ in application-akka.actor.default-dispatcher-8 -  *** Starting JPro: https://www.jpro.one/ ***
2022-02-28 01:44:10,803 [INFO] from com.jpro.internal.server.Initializer$ in application-akka.actor.default-dispatcher-8 - OS: Windows 10
2022-02-28 01:44:10,809 [INFO] from com.jpro.internal.server.Initializer$ in application-akka.actor.default-dispatcher-8 - JPro: 2021.2.2
2022-02-28 01:44:10,809 [INFO] from com.jpro.internal.server.Initializer$ in application-akka.actor.default-dispatcher-8 - Java version: 15.0.2
2022-02-28 01:44:10,809 [INFO] from com.jpro.internal.server.Initializer$ in application-akka.actor.default-dispatcher-8 - JVM: 15.0.2 Oracle Corporation
2022-02-28 01:44:10,811 [INFO] from com.jpro.internal.server.Initializer$ in application-akka.actor.default-dispatcher-8 - JavaFX jar: file:/C:/Users/ahmad/.m2/repository/org/openjfx/javafx-graphics/17.0.1.1-jpro+0/javafx-graphics-17.0.1.1-jpro+0-win.jar
2022-02-28 01:44:10,821 [INFO] from com.jpro.internal.server.Initializer$ in application-akka.actor.default-dispatcher-8 - redirected OUT / ERR
2022-02-28 01:44:10,821 [INFO] from com.jpro.internal.server.Initializer$ in application-akka.actor.default-dispatcher-8 - installed SLF4JBridge
2022-02-28 01:44:10,877 [WARN] from javafx in application-akka.actor.default-dispatcher-8 - Unsupported JavaFX configuration: classes were loaded from 'unnamed module @6ed4200'
2022-02-28 01:44:11,275 [INFO] from com.jpro.internal.server.Initializer$ in application-akka.actor.default-dispatcher-8 - finished init!
2022-02-28 01:44:11,275 [INFO] from com.jpro.internal.server.Initializer$ in JavaFX Application Thread - JavaFX version: 17.0.1.1-jpro+0-2021-11-29-063032
2022-02-28 01:44:11,950 [INFO] from controllers.jpro in application-akka.actor.default-dispatcher-9 - application requested: 0!appName
2022-02-28 01:44:11,961 [INFO] from controllers.jpro in application-akka.actor.default-dispatcher-9 - Creating Application: 0!appName
2022-02-28 01:44:11,965 [INFO] from controllers.jpro in application-akka.actor.default-dispatcher-9 - remoteAddress 0:0:0:0:0:0:0:1
2022-02-28 01:44:11,969 [INFO] from controllers.jpro in application-akka.actor.default-dispatcher-9 - host          localhost:8080
2022-02-28 01:44:11,969 [INFO] from controllers.jpro in application-akka.actor.default-dispatcher-9 - uri           /app/0!appName
2022-02-28 01:44:12,286 [INFO] from com.jpro.internal.server.ViewSerializerActor in JavaFX Application Thread - appdef: AppByMain(appname,SE2203b.Assignments.CustomerApplication,None,NamedClassLoader(system),false) clientinfo: ClientInfo(http://localhost:8080/,http://localhost:8080/app/appName,1920.0,975.0,1.0,false,en-US,List(en-US, en),,Map(),Map(Host -> List(localhost:8080), Origin -> List(http://localhost:8080), Pragma -> List(no-cache), Upgrade -> List(websocket), Connection -> List(Upgrade), User-Agent -> List(Mozilla/5.0 (Windows NT 10.0; Win64; x64) AppleWebKit/537.36 (KHTML, like Gecko) Chrome/98.0.4758.102 Safari/537.36), Cache-Control -> List(no-cache), Remote-Address -> List(0:0:0:0:0:0:0:1:60904), Timeout-Access -> List(<function1>), Accept-Encoding -> List(gzip, deflate, br), Accept-Language -> List(en-US,en;q=0.9), Raw-Request-URI -> List(/app/0!appName), Tls-Session-Info -> List(Session(1646030650677|SSL_NULL_WITH_NULL_NULL)), Sec-WebSocket-Key -> List(TzDDhLk/7FkXKu836JvDBA==), UpgradeToWebSocket -> List(), Sec-WebSocket-Version -> List(13), Sec-WebSocket-Extensions -> List(permessage-deflate; client_max_window_bits)))out: Actor[akka://application/system/Materializers/StreamSupervisor-0/$$e-actorRefSource#281398680]
2022-02-28 01:44:12,912 [INFO] from com.jpro.JS in JavaFX Application Thread - received msg: new MainID: 1236 userid: 1375326330
2022-02-28 01:45:42,131 [INFO] from akka.event.slf4j.Slf4jLogger in application-akka.actor.default-dispatcher-5 - Slf4jLogger started
2022-02-28 01:45:42,715 [INFO] from play.api.Play in Thread-0 - Application started (Prod) (no global state)
2022-02-28 01:45:43,199 [INFO] from play.core.server.AkkaHttpServer in Thread-0 - Enabling HTTP/2 on Akka HTTP server...
2022-02-28 01:45:43,199 [INFO] from play.core.server.AkkaHttpServer in Thread-0 - Listening for HTTP on /[0:0:0:0:0:0:0:0]:8080
2022-02-28 01:45:43,334 [INFO] from com.jpro.activity in application-akka.actor.default-dispatcher-7 - Starting the server
2022-02-28 01:45:43,335 [INFO] from com.jpro.internal.server.Initializer$ in application-akka.actor.default-dispatcher-7 -  *** Starting JPro: https://www.jpro.one/ ***
2022-02-28 01:45:43,335 [INFO] from com.jpro.internal.server.Initializer$ in application-akka.actor.default-dispatcher-7 - OS: Windows 10
2022-02-28 01:45:43,343 [INFO] from com.jpro.internal.server.Initializer$ in application-akka.actor.default-dispatcher-7 - JPro: 2021.2.2
2022-02-28 01:45:43,343 [INFO] from com.jpro.internal.server.Initializer$ in application-akka.actor.default-dispatcher-7 - Java version: 15.0.2
2022-02-28 01:45:43,343 [INFO] from com.jpro.internal.server.Initializer$ in application-akka.actor.default-dispatcher-7 - JVM: 15.0.2 Oracle Corporation
2022-02-28 01:45:43,346 [INFO] from com.jpro.internal.server.Initializer$ in application-akka.actor.default-dispatcher-7 - JavaFX jar: file:/C:/Users/ahmad/.m2/repository/org/openjfx/javafx-graphics/17.0.1.1-jpro+0/javafx-graphics-17.0.1.1-jpro+0-win.jar
2022-02-28 01:45:43,360 [INFO] from com.jpro.internal.server.Initializer$ in application-akka.actor.default-dispatcher-7 - redirected OUT / ERR
2022-02-28 01:45:43,360 [INFO] from com.jpro.internal.server.Initializer$ in application-akka.actor.default-dispatcher-7 - installed SLF4JBridge
2022-02-28 01:45:43,418 [WARN] from javafx in application-akka.actor.default-dispatcher-7 - Unsupported JavaFX configuration: classes were loaded from 'unnamed module @68259712'
2022-02-28 01:45:43,824 [INFO] from com.jpro.internal.server.Initializer$ in application-akka.actor.default-dispatcher-7 - finished init!
2022-02-28 01:45:43,824 [INFO] from com.jpro.internal.server.Initializer$ in JavaFX Application Thread - JavaFX version: 17.0.1.1-jpro+0-2021-11-29-063032
2022-02-28 01:45:44,591 [INFO] from controllers.jpro in application-akka.actor.default-dispatcher-9 - application requested: 0!appName
2022-02-28 01:45:44,602 [INFO] from controllers.jpro in application-akka.actor.default-dispatcher-9 - Creating Application: 0!appName
2022-02-28 01:45:44,605 [INFO] from controllers.jpro in application-akka.actor.default-dispatcher-9 - remoteAddress 0:0:0:0:0:0:0:1
2022-02-28 01:45:44,607 [INFO] from controllers.jpro in application-akka.actor.default-dispatcher-9 - host          localhost:8080
2022-02-28 01:45:44,607 [INFO] from controllers.jpro in application-akka.actor.default-dispatcher-9 - uri           /app/0!appName
2022-02-28 01:45:44,935 [INFO] from com.jpro.internal.server.ViewSerializerActor in JavaFX Application Thread - appdef: AppByMain(appname,SE2203b.Assignments.CustomerApplication,None,NamedClassLoader(system),false) clientinfo: ClientInfo(http://localhost:8080/,http://localhost:8080/app/appName,1920.0,975.0,1.0,false,en-US,List(en-US, en),,Map(),Map(Host -> List(localhost:8080), Origin -> List(http://localhost:8080), Pragma -> List(no-cache), Upgrade -> List(websocket), Connection -> List(Upgrade), User-Agent -> List(Mozilla/5.0 (Windows NT 10.0; Win64; x64) AppleWebKit/537.36 (KHTML, like Gecko) Chrome/98.0.4758.102 Safari/537.36), Cache-Control -> List(no-cache), Remote-Address -> List(0:0:0:0:0:0:0:1:60923), Timeout-Access -> List(<function1>), Accept-Encoding -> List(gzip, deflate, br), Accept-Language -> List(en-US,en;q=0.9), Raw-Request-URI -> List(/app/0!appName), Tls-Session-Info -> List(Session(1646030743205|SSL_NULL_WITH_NULL_NULL)), Sec-WebSocket-Key -> List(tcC7rsau9femaiwfxy08Ew==), UpgradeToWebSocket -> List(), Sec-WebSocket-Version -> List(13), Sec-WebSocket-Extensions -> List(permessage-deflate; client_max_window_bits)))out: Actor[akka://application/system/Materializers/StreamSupervisor-0/$$e-actorRefSource#-1070503317]
2022-02-28 01:45:45,565 [INFO] from com.jpro.JS in JavaFX Application Thread - received msg: new MainID: 1236 userid: 1297238885
2022-02-28 01:45:46,947 [INFO] from com.jpro.activity in Thread-20 - Closing the server -> used memory: 68 MB  -  free system memory: 4256 MB
2022-02-28 01:53:32,599 [INFO] from akka.event.slf4j.Slf4jLogger in application-akka.actor.default-dispatcher-5 - Slf4jLogger started
2022-02-28 01:53:33,243 [INFO] from play.api.Play in Thread-0 - Application started (Prod) (no global state)
2022-02-28 01:53:33,707 [INFO] from play.core.server.AkkaHttpServer in Thread-0 - Enabling HTTP/2 on Akka HTTP server...
2022-02-28 01:53:33,708 [INFO] from play.core.server.AkkaHttpServer in Thread-0 - Listening for HTTP on /[0:0:0:0:0:0:0:0]:8080
2022-02-28 01:53:34,196 [INFO] from com.jpro.activity in application-akka.actor.default-dispatcher-6 - Starting the server
2022-02-28 01:53:34,197 [INFO] from com.jpro.internal.server.Initializer$ in application-akka.actor.default-dispatcher-6 -  *** Starting JPro: https://www.jpro.one/ ***
2022-02-28 01:53:34,197 [INFO] from com.jpro.internal.server.Initializer$ in application-akka.actor.default-dispatcher-6 - OS: Windows 10
2022-02-28 01:53:34,205 [INFO] from com.jpro.internal.server.Initializer$ in application-akka.actor.default-dispatcher-6 - JPro: 2021.2.2
2022-02-28 01:53:34,205 [INFO] from com.jpro.internal.server.Initializer$ in application-akka.actor.default-dispatcher-6 - Java version: 15.0.2
2022-02-28 01:53:34,205 [INFO] from com.jpro.internal.server.Initializer$ in application-akka.actor.default-dispatcher-6 - JVM: 15.0.2 Oracle Corporation
2022-02-28 01:53:34,208 [INFO] from com.jpro.internal.server.Initializer$ in application-akka.actor.default-dispatcher-6 - JavaFX jar: file:/C:/Users/ahmad/.m2/repository/org/openjfx/javafx-graphics/17.0.1.1-jpro+0/javafx-graphics-17.0.1.1-jpro+0-win.jar
2022-02-28 01:53:34,222 [INFO] from com.jpro.internal.server.Initializer$ in application-akka.actor.default-dispatcher-6 - redirected OUT / ERR
2022-02-28 01:53:34,222 [INFO] from com.jpro.internal.server.Initializer$ in application-akka.actor.default-dispatcher-6 - installed SLF4JBridge
2022-02-28 01:53:34,287 [WARN] from javafx in application-akka.actor.default-dispatcher-6 - Unsupported JavaFX configuration: classes were loaded from 'unnamed module @6c993b0'
2022-02-28 01:53:34,684 [INFO] from com.jpro.internal.server.Initializer$ in application-akka.actor.default-dispatcher-6 - finished init!
2022-02-28 01:53:34,684 [INFO] from com.jpro.internal.server.Initializer$ in JavaFX Application Thread - JavaFX version: 17.0.1.1-jpro+0-2021-11-29-063032
2022-02-28 01:53:35,394 [INFO] from controllers.jpro in application-akka.actor.default-dispatcher-8 - application requested: 0!appName
2022-02-28 01:53:35,406 [INFO] from controllers.jpro in application-akka.actor.default-dispatcher-8 - Creating Application: 0!appName
2022-02-28 01:53:35,408 [INFO] from controllers.jpro in application-akka.actor.default-dispatcher-8 - remoteAddress 0:0:0:0:0:0:0:1
2022-02-28 01:53:35,410 [INFO] from controllers.jpro in application-akka.actor.default-dispatcher-8 - host          localhost:8080
2022-02-28 01:53:35,410 [INFO] from controllers.jpro in application-akka.actor.default-dispatcher-8 - uri           /app/0!appName
2022-02-28 01:53:35,674 [INFO] from com.jpro.internal.server.ViewSerializerActor in JavaFX Application Thread - appdef: AppByMain(appname,SE2203b.Assignments.CustomerApplication,None,NamedClassLoader(system),false) clientinfo: ClientInfo(http://localhost:8080/,http://localhost:8080/app/appName,1920.0,975.0,1.0,false,en-US,List(en-US, en),,Map(),Map(Host -> List(localhost:8080), Origin -> List(http://localhost:8080), Pragma -> List(no-cache), Upgrade -> List(websocket), Connection -> List(Upgrade), User-Agent -> List(Mozilla/5.0 (Windows NT 10.0; Win64; x64) AppleWebKit/537.36 (KHTML, like Gecko) Chrome/98.0.4758.102 Safari/537.36), Cache-Control -> List(no-cache), Remote-Address -> List(0:0:0:0:0:0:0:1:60987), Timeout-Access -> List(<function1>), Accept-Encoding -> List(gzip, deflate, br), Accept-Language -> List(en-US,en;q=0.9), Raw-Request-URI -> List(/app/0!appName), Tls-Session-Info -> List(Session(1646031214061|SSL_NULL_WITH_NULL_NULL)), Sec-WebSocket-Key -> List(PO+1gm2U+9WklcF1Dy1fDA==), UpgradeToWebSocket -> List(), Sec-WebSocket-Version -> List(13), Sec-WebSocket-Extensions -> List(permessage-deflate; client_max_window_bits)))out: Actor[akka://application/system/Materializers/StreamSupervisor-0/$$e-actorRefSource#-1476484567]
2022-02-28 01:53:36,327 [INFO] from com.jpro.JS in JavaFX Application Thread - received msg: new MainID: 1236 userid: 450812662
2022-02-28 02:12:08,166 [INFO] from akka.event.slf4j.Slf4jLogger in application-akka.actor.default-dispatcher-5 - Slf4jLogger started
2022-02-28 02:12:08,794 [INFO] from play.api.Play in Thread-0 - Application started (Prod) (no global state)
2022-02-28 02:12:09,296 [INFO] from play.core.server.AkkaHttpServer in Thread-0 - Enabling HTTP/2 on Akka HTTP server...
2022-02-28 02:12:09,296 [INFO] from play.core.server.AkkaHttpServer in Thread-0 - Listening for HTTP on /[0:0:0:0:0:0:0:0]:8080
2022-02-28 02:12:09,866 [INFO] from com.jpro.activity in application-akka.actor.default-dispatcher-8 - Starting the server
2022-02-28 02:12:09,866 [INFO] from com.jpro.internal.server.Initializer$ in application-akka.actor.default-dispatcher-8 -  *** Starting JPro: https://www.jpro.one/ ***
2022-02-28 02:12:09,867 [INFO] from com.jpro.internal.server.Initializer$ in application-akka.actor.default-dispatcher-8 - OS: Windows 10
2022-02-28 02:12:09,873 [INFO] from com.jpro.internal.server.Initializer$ in application-akka.actor.default-dispatcher-8 - JPro: 2021.2.2
2022-02-28 02:12:09,873 [INFO] from com.jpro.internal.server.Initializer$ in application-akka.actor.default-dispatcher-8 - Java version: 15.0.2
2022-02-28 02:12:09,874 [INFO] from com.jpro.internal.server.Initializer$ in application-akka.actor.default-dispatcher-8 - JVM: 15.0.2 Oracle Corporation
2022-02-28 02:12:09,876 [INFO] from com.jpro.internal.server.Initializer$ in application-akka.actor.default-dispatcher-8 - JavaFX jar: file:/C:/Users/ahmad/.m2/repository/org/openjfx/javafx-graphics/17.0.1.1-jpro+0/javafx-graphics-17.0.1.1-jpro+0-win.jar
2022-02-28 02:12:09,886 [INFO] from com.jpro.internal.server.Initializer$ in application-akka.actor.default-dispatcher-8 - redirected OUT / ERR
2022-02-28 02:12:09,886 [INFO] from com.jpro.internal.server.Initializer$ in application-akka.actor.default-dispatcher-8 - installed SLF4JBridge
2022-02-28 02:12:09,938 [WARN] from javafx in application-akka.actor.default-dispatcher-8 - Unsupported JavaFX configuration: classes were loaded from 'unnamed module @1dd9dcc2'
2022-02-28 02:12:10,360 [INFO] from com.jpro.internal.server.Initializer$ in application-akka.actor.default-dispatcher-8 - finished init!
2022-02-28 02:12:10,360 [INFO] from com.jpro.internal.server.Initializer$ in JavaFX Application Thread - JavaFX version: 17.0.1.1-jpro+0-2021-11-29-063032
2022-02-28 02:12:11,037 [INFO] from controllers.jpro in application-akka.actor.default-dispatcher-8 - application requested: 0!appName
2022-02-28 02:12:11,047 [INFO] from controllers.jpro in application-akka.actor.default-dispatcher-8 - Creating Application: 0!appName
2022-02-28 02:12:11,052 [INFO] from controllers.jpro in application-akka.actor.default-dispatcher-8 - remoteAddress 0:0:0:0:0:0:0:1
2022-02-28 02:12:11,055 [INFO] from controllers.jpro in application-akka.actor.default-dispatcher-8 - host          localhost:8080
2022-02-28 02:12:11,055 [INFO] from controllers.jpro in application-akka.actor.default-dispatcher-8 - uri           /app/0!appName
2022-02-28 02:12:11,318 [INFO] from com.jpro.internal.server.ViewSerializerActor in JavaFX Application Thread - appdef: AppByMain(appname,SE2203b.Assignments.CustomerApplication,None,NamedClassLoader(system),false) clientinfo: ClientInfo(http://localhost:8080/,http://localhost:8080/app/appName,1920.0,975.0,1.0,false,en-US,List(en-US, en),,Map(),Map(Host -> List(localhost:8080), Origin -> List(http://localhost:8080), Pragma -> List(no-cache), Upgrade -> List(websocket), Connection -> List(Upgrade), User-Agent -> List(Mozilla/5.0 (Windows NT 10.0; Win64; x64) AppleWebKit/537.36 (KHTML, like Gecko) Chrome/98.0.4758.102 Safari/537.36), Cache-Control -> List(no-cache), Remote-Address -> List(0:0:0:0:0:0:0:1:61052), Timeout-Access -> List(<function1>), Accept-Encoding -> List(gzip, deflate, br), Accept-Language -> List(en-US,en;q=0.9), Raw-Request-URI -> List(/app/0!appName), Tls-Session-Info -> List(Session(1646032329742|SSL_NULL_WITH_NULL_NULL)), Sec-WebSocket-Key -> List(Y9EKCE04Yos4TspTU7KOZQ==), UpgradeToWebSocket -> List(), Sec-WebSocket-Version -> List(13), Sec-WebSocket-Extensions -> List(permessage-deflate; client_max_window_bits)))out: Actor[akka://application/system/Materializers/StreamSupervisor-0/$$e-actorRefSource#387764843]
2022-02-28 02:12:11,941 [INFO] from com.jpro.JS in JavaFX Application Thread - received msg: new MainID: 1236 userid: 373856792
2022-02-28 02:12:29,257 [INFO] from akka.event.slf4j.Slf4jLogger in application-akka.actor.default-dispatcher-5 - Slf4jLogger started
2022-02-28 02:12:29,890 [INFO] from play.api.Play in Thread-0 - Application started (Prod) (no global state)
2022-02-28 02:12:30,407 [INFO] from play.core.server.AkkaHttpServer in Thread-0 - Enabling HTTP/2 on Akka HTTP server...
2022-02-28 02:12:30,407 [INFO] from play.core.server.AkkaHttpServer in Thread-0 - Listening for HTTP on /[0:0:0:0:0:0:0:0]:8080
2022-02-28 02:12:30,882 [INFO] from com.jpro.activity in application-akka.actor.default-dispatcher-5 - Starting the server
2022-02-28 02:12:30,882 [INFO] from com.jpro.internal.server.Initializer$ in application-akka.actor.default-dispatcher-5 -  *** Starting JPro: https://www.jpro.one/ ***
2022-02-28 02:12:30,883 [INFO] from com.jpro.internal.server.Initializer$ in application-akka.actor.default-dispatcher-5 - OS: Windows 10
2022-02-28 02:12:30,892 [INFO] from com.jpro.internal.server.Initializer$ in application-akka.actor.default-dispatcher-5 - JPro: 2021.2.2
2022-02-28 02:12:30,892 [INFO] from com.jpro.internal.server.Initializer$ in application-akka.actor.default-dispatcher-5 - Java version: 15.0.2
2022-02-28 02:12:30,892 [INFO] from com.jpro.internal.server.Initializer$ in application-akka.actor.default-dispatcher-5 - JVM: 15.0.2 Oracle Corporation
2022-02-28 02:12:30,896 [INFO] from com.jpro.internal.server.Initializer$ in application-akka.actor.default-dispatcher-5 - JavaFX jar: file:/C:/Users/ahmad/.m2/repository/org/openjfx/javafx-graphics/17.0.1.1-jpro+0/javafx-graphics-17.0.1.1-jpro+0-win.jar
2022-02-28 02:12:30,912 [INFO] from com.jpro.internal.server.Initializer$ in application-akka.actor.default-dispatcher-5 - redirected OUT / ERR
2022-02-28 02:12:30,912 [INFO] from com.jpro.internal.server.Initializer$ in application-akka.actor.default-dispatcher-5 - installed SLF4JBridge
2022-02-28 02:12:30,982 [WARN] from javafx in application-akka.actor.default-dispatcher-5 - Unsupported JavaFX configuration: classes were loaded from 'unnamed module @1636c78a'
2022-02-28 02:12:31,395 [INFO] from com.jpro.internal.server.Initializer$ in application-akka.actor.default-dispatcher-5 - finished init!
2022-02-28 02:12:31,395 [INFO] from com.jpro.internal.server.Initializer$ in JavaFX Application Thread - JavaFX version: 17.0.1.1-jpro+0-2021-11-29-063032
2022-02-28 02:12:32,062 [INFO] from controllers.jpro in application-akka.actor.default-dispatcher-5 - application requested: 0!appName
2022-02-28 02:12:32,072 [INFO] from controllers.jpro in application-akka.actor.default-dispatcher-5 - Creating Application: 0!appName
2022-02-28 02:12:32,076 [INFO] from controllers.jpro in application-akka.actor.default-dispatcher-5 - remoteAddress 0:0:0:0:0:0:0:1
2022-02-28 02:12:32,079 [INFO] from controllers.jpro in application-akka.actor.default-dispatcher-5 - host          localhost:8080
2022-02-28 02:12:32,079 [INFO] from controllers.jpro in application-akka.actor.default-dispatcher-5 - uri           /app/0!appName
2022-02-28 02:12:32,365 [INFO] from com.jpro.internal.server.ViewSerializerActor in JavaFX Application Thread - appdef: AppByMain(appname,SE2203b.Assignments.CustomerApplication,None,NamedClassLoader(system),false) clientinfo: ClientInfo(http://localhost:8080/,http://localhost:8080/app/appName,1920.0,975.0,1.0,false,en-US,List(en-US, en),,Map(),Map(Host -> List(localhost:8080), Origin -> List(http://localhost:8080), Pragma -> List(no-cache), Upgrade -> List(websocket), Connection -> List(Upgrade), User-Agent -> List(Mozilla/5.0 (Windows NT 10.0; Win64; x64) AppleWebKit/537.36 (KHTML, like Gecko) Chrome/98.0.4758.102 Safari/537.36), Cache-Control -> List(no-cache), Remote-Address -> List(0:0:0:0:0:0:0:1:61065), Timeout-Access -> List(<function1>), Accept-Encoding -> List(gzip, deflate, br), Accept-Language -> List(en-US,en;q=0.9), Raw-Request-URI -> List(/app/0!appName), Tls-Session-Info -> List(Session(1646032350725|SSL_NULL_WITH_NULL_NULL)), Sec-WebSocket-Key -> List(FmoDaCKxIDUFuDVvikC77A==), UpgradeToWebSocket -> List(), Sec-WebSocket-Version -> List(13), Sec-WebSocket-Extensions -> List(permessage-deflate; client_max_window_bits)))out: Actor[akka://application/system/Materializers/StreamSupervisor-0/$$e-actorRefSource#-1561295287]
2022-02-28 02:12:33,003 [INFO] from com.jpro.JS in JavaFX Application Thread - received msg: new MainID: 1236 userid: 272116640
